#
# There is insufficient memory for the Java Runtime Environment to continue.
# Native memory allocation (malloc) failed to allocate 820736 bytes for Chunk::new
# Possible reasons:
#   The system is out of physical RAM or swap space
#   The process is running with CompressedOops enabled, and the Java Heap may be blocking the growth of the native heap
# Possible solutions:
#   Reduce memory load on the system
#   Increase physical memory or swap space
#   Check if swap backing store is full
#   Decrease Java heap size (-Xmx/-Xms)
#   Decrease number of Java threads
#   Decrease Java thread stack sizes (-Xss)
#   Set larger code cache with -XX:ReservedCodeCacheSize=
#   JVM is running with Unscaled Compressed Oops mode in which the Java heap is
#     placed in the first 4GB address space. The Java Heap base address is the
#     maximum limit for the native heap growth. Please use -XX:HeapBaseMinAddress
#     to set the Java Heap base and to place the Java Heap above 4GB virtual address.
# This output file may be truncated or incomplete.
#
#  Out of Memory Error (allocation.cpp:389), pid=11276, tid=0x0000000000001b6c
#
# JRE version: Java(TM) SE Runtime Environment (8.0_271-b09) (build 1.8.0_271-b09)
# Java VM: Java HotSpot(TM) 64-Bit Server VM (25.271-b09 mixed mode windows-amd64 compressed oops)
# Failed to write core dump. Minidumps are not enabled by default on client versions of Windows
#

---------------  T H R E A D  ---------------

Current thread (0x0000019b7efab000):  JavaThread "C2 CompilerThread0" daemon [_thread_in_native, id=7020, stack(0x0000008e94500000,0x0000008e94600000)]

Stack: [0x0000008e94500000,0x0000008e94600000]
Native frames: (J=compiled Java code, j=interpreted, Vv=VM code, C=native code)
V  [jvm.dll+0x33f6c9]


Current CompileTask:
C2:   3768 1520       4       java.net.URLClassLoader$1::run (5 bytes)


---------------  P R O C E S S  ---------------

Java Threads: ( => current thread )
  0x0000019b7f039800 JavaThread "Service Thread" daemon [_thread_blocked, id=8560, stack(0x0000008e94800000,0x0000008e94900000)]
  0x0000019b7efb3000 JavaThread "C1 CompilerThread2" daemon [_thread_in_native, id=6156, stack(0x0000008e94700000,0x0000008e94800000)]
  0x0000019b7efad000 JavaThread "C2 CompilerThread1" daemon [_thread_in_native, id=15316, stack(0x0000008e94600000,0x0000008e94700000)]
=>0x0000019b7efab000 JavaThread "C2 CompilerThread0" daemon [_thread_in_native, id=7020, stack(0x0000008e94500000,0x0000008e94600000)]
  0x0000019b7efaa000 JavaThread "Attach Listener" daemon [_thread_blocked, id=9692, stack(0x0000008e94400000,0x0000008e94500000)]
  0x0000019b7efa9000 JavaThread "Signal Dispatcher" daemon [_thread_blocked, id=9360, stack(0x0000008e94300000,0x0000008e94400000)]
  0x0000019b7e84a000 JavaThread "Finalizer" daemon [_thread_blocked, id=5424, stack(0x0000008e94200000,0x0000008e94300000)]
  0x0000019b7ef86000 JavaThread "Reference Handler" daemon [_thread_blocked, id=7552, stack(0x0000008e94100000,0x0000008e94200000)]
  0x0000019b69103800 JavaThread "main" [_thread_in_native, id=9016, stack(0x0000008e93b00000,0x0000008e93c00000)]

Other Threads:
  0x0000019b7ef63000 VMThread [stack: 0x0000008e94000000,0x0000008e94100000] [id=7600]
  0x0000019b7f053800 WatcherThread [stack: 0x0000008e94900000,0x0000008e94a00000] [id=10564]

VM state:not at safepoint (normal execution)

VM Mutex/Monitor currently owned by a thread: None

OutOfMemory and StackOverflow Exception counts:
OutOfMemoryError java_heap_errors=1

heap address: 0x0000000090c00000, size: 1780 MB, Compressed Oops mode: 32-bit
Narrow klass base: 0x0000000000000000, Narrow klass shift: 3
Compressed class space size: 1073741824 Address: 0x0000000100000000

Heap:
 PSYoungGen      total 33280K, used 24182K [0x00000000daf00000, 0x00000000df000000, 0x0000000100000000)
  eden space 28672K, 68% used [0x00000000daf00000,0x00000000dc21de38,0x00000000dcb00000)
  from space 4608K, 99% used [0x00000000dcf80000,0x00000000dd3ffac0,0x00000000dd400000)
  to   space 4608K, 0% used [0x00000000dcb00000,0x00000000dcb00000,0x00000000dcf80000)
 ParOldGen       total 76800K, used 1729K [0x0000000090c00000, 0x0000000095700000, 0x00000000daf00000)
  object space 76800K, 2% used [0x0000000090c00000,0x0000000090db0680,0x0000000095700000)
 Metaspace       used 13668K, capacity 13994K, committed 14208K, reserved 1060864K
  class space    used 1718K, capacity 1815K, committed 1920K, reserved 1048576K

Card table byte_map: [0x0000019b79e20000,0x0000019b7a1a0000] byte_map_base: 0x0000019b7999a000

Marking Bits: (ParMarkBitMap*) 0x00000000768b7fe0
 Begin Bits: [0x0000019b7a400000, 0x0000019b7bfd0000)
 End Bits:   [0x0000019b7bfd0000, 0x0000019b7dba0000)

Polling page: 0x0000019b690c0000

CodeCache: size=245760Kb used=5220Kb max_used=5220Kb free=240539Kb
 bounds [0x0000019b6aa60000, 0x0000019b6af80000, 0x0000019b79a60000]
 total_blobs=1872 nmethods=1544 adapters=240
 compilation: enabled

